2025-11-12 02:05:26 [[31MERROR[39M]: uncaughtException: EPIPE: broken pipe, write
Error: EPIPE: broken pipe, write
    at Socket._write (node:internal/net:75:18)
    at writeOrBuffer (node:internal/streams/writable:570:12)
    at _write (node:internal/streams/writable:499:10)
    at Writable.write (node:internal/streams/writable:508:10)
    at Console.log (C:\Users\shubh\Documents\galilio\galilio\backend\node_modules\winston\lib\winston\transports\console.js:87:23)
    at Console._write (C:\Users\shubh\Documents\galilio\galilio\backend\node_modules\winston-transport\modern.js:82:19)
    at doWrite (C:\Users\shubh\Documents\galilio\galilio\backend\node_modules\readable-stream\lib\_stream_writable.js:390:139)
    at writeOrBuffer (C:\Users\shubh\Documents\galilio\galilio\backend\node_modules\readable-stream\lib\_stream_writable.js:381:5)
    at Writable.write (C:\Users\shubh\Documents\galilio\galilio\backend\node_modules\readable-stream\lib\_stream_writable.js:302:11)
    at DerivedLogger.ondata (C:\Users\shubh\Documents\galilio\galilio\backend\node_modules\readable-stream\lib\_stream_readable.js:629:20) {
  "error": {
    "errno": -4047,
    "syscall": "write",
    "code": "EPIPE"
  },
  "stack": "Error: EPIPE: broken pipe, write\n    at Socket._write (node:internal/net:75:18)\n    at writeOrBuffer (node:internal/streams/writable:570:12)\n    at _write (node:internal/streams/writable:499:10)\n    at Writable.write (node:internal/streams/writable:508:10)\n    at Console.log (C:\\Users\\shubh\\Documents\\galilio\\galilio\\backend\\node_modules\\winston\\lib\\winston\\transports\\console.js:87:23)\n    at Console._write (C:\\Users\\shubh\\Documents\\galilio\\galilio\\backend\\node_modules\\winston-transport\\modern.js:82:19)\n    at doWrite (C:\\Users\\shubh\\Documents\\galilio\\galilio\\backend\\node_modules\\readable-stream\\lib\\_stream_writable.js:390:139)\n    at writeOrBuffer (C:\\Users\\shubh\\Documents\\galilio\\galilio\\backend\\node_modules\\readable-stream\\lib\\_stream_writable.js:381:5)\n    at Writable.write (C:\\Users\\shubh\\Documents\\galilio\\galilio\\backend\\node_modules\\readable-stream\\lib\\_stream_writable.js:302:11)\n    at DerivedLogger.ondata (C:\\Users\\shubh\\Documents\\galilio\\galilio\\backend\\node_modules\\readable-stream\\lib\\_stream_readable.js:629:20)",
  "exception": true,
  "date": "Wed Nov 12 2025 02:05:26 GMT+0530 (India Standard Time)",
  "process": {
    "pid": 30780,
    "uid": null,
    "gid": null,
    "cwd": "C:\\Users\\shubh\\Documents\\galilio\\galilio\\backend",
    "execPath": "C:\\Program Files\\nodejs\\node.exe",
    "version": "v24.11.0",
    "argv": [
      "C:\\Program Files\\nodejs\\node.exe",
      "C:\\Users\\shubh\\Documents\\galilio\\galilio\\backend\\src\\server.js"
    ],
    "memoryUsage": {
      "rss": 37367808,
      "heapTotal": 34516992,
      "heapUsed": 31771096,
      "external": 2821315,
      "arrayBuffers": 93075
    }
  },
  "os": {
    "loadavg": [
      0,
      0,
      0
    ],
    "uptime": 407183.796
  },
  "trace": [
    {
      "column": 18,
      "file": "node:internal/net",
      "function": "Socket._write",
      "line": 75,
      "method": "_write",
      "native": false
    },
    {
      "column": 12,
      "file": "node:internal/streams/writable",
      "function": "writeOrBuffer",
      "line": 570,
      "method": null,
      "native": false
    },
    {
      "column": 10,
      "file": "node:internal/streams/writable",
      "function": "_write",
      "line": 499,
      "method": null,
      "native": false
    },
    {
      "column": 10,
      "file": "node:internal/streams/writable",
      "function": "Writable.write",
      "line": 508,
      "method": "write",
      "native": false
    },
    {
      "column": 23,
      "file": "C:\\Users\\shubh\\Documents\\galilio\\galilio\\backend\\node_modules\\winston\\lib\\winston\\transports\\console.js",
      "function": "Console.log",
      "line": 87,
      "method": "log",
      "native": false
    },
    {
      "column": 19,
      "file": "C:\\Users\\shubh\\Documents\\galilio\\galilio\\backend\\node_modules\\winston-transport\\modern.js",
      "function": "Console._write",
      "line": 82,
      "method": "_write",
      "native": false
    },
    {
      "column": 139,
      "file": "C:\\Users\\shubh\\Documents\\galilio\\galilio\\backend\\node_modules\\readable-stream\\lib\\_stream_writable.js",
      "function": "doWrite",
      "line": 390,
      "method": null,
      "native": false
    },
    {
      "column": 5,
      "file": "C:\\Users\\shubh\\Documents\\galilio\\galilio\\backend\\node_modules\\readable-stream\\lib\\_stream_writable.js",
      "function": "writeOrBuffer",
      "line": 381,
      "method": null,
      "native": false
    },
    {
      "column": 11,
      "file": "C:\\Users\\shubh\\Documents\\galilio\\galilio\\backend\\node_modules\\readable-stream\\lib\\_stream_writable.js",
      "function": "Writable.write",
      "line": 302,
      "method": "write",
      "native": false
    },
    {
      "column": 20,
      "file": "C:\\Users\\shubh\\Documents\\galilio\\galilio\\backend\\node_modules\\readable-stream\\lib\\_stream_readable.js",
      "function": "DerivedLogger.ondata",
      "line": 629,
      "method": "ondata",
      "native": false
    }
  ]
}
